[0m23:29:41.974503 [debug] [MainThread]: Sending event: {'category': 'dbt', 'action': 'invocation', 'label': 'start', 'context': [<snowplow_tracker.self_describing_json.SelfDescribingJson object at 0x0000029A6A2113A0>, <snowplow_tracker.self_describing_json.SelfDescribingJson object at 0x0000029A6CD011C0>, <snowplow_tracker.self_describing_json.SelfDescribingJson object at 0x0000029A6CD011F0>]}


============================== 23:29:41.990305 | 61a3353b-ff76-4af5-8830-b35255d4c790 ==============================
[0m23:29:41.990305 [info ] [MainThread]: Running with dbt=1.8.7
[0m23:29:41.990305 [debug] [MainThread]: running dbt with arguments {'printer_width': '80', 'indirect_selection': 'eager', 'write_json': 'True', 'log_cache_events': 'False', 'partial_parse': 'True', 'cache_selected_only': 'False', 'profiles_dir': 'C:\\Users\\Admin\\.dbt', 'fail_fast': 'False', 'debug': 'False', 'log_path': 'logs', 'version_check': 'True', 'warn_error': 'None', 'use_colors': 'True', 'use_experimental_parser': 'False', 'no_print': 'None', 'quiet': 'False', 'empty': 'None', 'warn_error_options': 'WarnErrorOptions(include=[], exclude=[])', 'introspect': 'True', 'static_parser': 'True', 'invocation_command': 'dbt init Starbucks_dbt_project', 'target_path': 'None', 'log_format': 'default', 'send_anonymous_usage_stats': 'True'}
[0m23:29:43.551492 [debug] [MainThread]: Starter project path: e:\backup\users-admin files\downloads\starbucks_project\starbucks_dbt_pd_env\lib\site-packages\dbt\include\starter_project
[0m23:29:43.612420 [info ] [MainThread]: 
Your new dbt project "Starbucks_dbt_project" was created!

For more information on how to configure the profiles.yml file,
please consult the dbt documentation here:

  https://docs.getdbt.com/docs/configure-your-profile

One more thing:

Need help? Don't hesitate to reach out to us via GitHub issues or on Slack:

  https://community.getdbt.com/

Happy modeling!

[0m23:29:43.612420 [info ] [MainThread]: Setting up your profile.
[0m23:32:45.723552 [info ] [MainThread]: Profile Starbucks_dbt_project written to C:\Users\Admin\.dbt\profiles.yml using target's profile_template.yml and your supplied values. Run 'dbt debug' to validate the connection.
[0m23:32:45.724115 [debug] [MainThread]: Command `dbt init` succeeded at 23:32:45.724115 after 183.81 seconds
[0m23:32:45.724115 [debug] [MainThread]: Sending event: {'category': 'dbt', 'action': 'invocation', 'label': 'end', 'context': [<snowplow_tracker.self_describing_json.SelfDescribingJson object at 0x0000029A6A2113A0>, <snowplow_tracker.self_describing_json.SelfDescribingJson object at 0x0000029A6CDB9C40>, <snowplow_tracker.self_describing_json.SelfDescribingJson object at 0x0000029A6AB33490>]}
[0m23:32:45.724115 [debug] [MainThread]: Flushing usage events
[0m23:32:54.366450 [debug] [MainThread]: Sending event: {'category': 'dbt', 'action': 'invocation', 'label': 'start', 'context': [<snowplow_tracker.self_describing_json.SelfDescribingJson object at 0x0000019DC7CB13D0>, <snowplow_tracker.self_describing_json.SelfDescribingJson object at 0x0000019DC85C6FA0>, <snowplow_tracker.self_describing_json.SelfDescribingJson object at 0x0000019DCA7B9940>]}


============================== 23:32:54.366450 | 0d96edca-aaab-4c43-89ce-a3a445db5803 ==============================
[0m23:32:54.366450 [info ] [MainThread]: Running with dbt=1.8.7
[0m23:32:54.382078 [debug] [MainThread]: running dbt with arguments {'printer_width': '80', 'indirect_selection': 'eager', 'log_cache_events': 'False', 'write_json': 'True', 'partial_parse': 'True', 'cache_selected_only': 'False', 'profiles_dir': 'C:\\Users\\Admin\\.dbt', 'debug': 'False', 'fail_fast': 'False', 'log_path': 'logs', 'version_check': 'True', 'warn_error': 'None', 'use_colors': 'True', 'use_experimental_parser': 'False', 'no_print': 'None', 'quiet': 'False', 'empty': 'None', 'log_format': 'default', 'introspect': 'True', 'static_parser': 'True', 'invocation_command': 'dbt init Starbucks_dbt_project', 'target_path': 'None', 'warn_error_options': 'WarnErrorOptions(include=[], exclude=[])', 'send_anonymous_usage_stats': 'True'}
[0m23:32:54.399193 [info ] [MainThread]: A project called Starbucks_dbt_project already exists here.
[0m23:32:54.401928 [debug] [MainThread]: Command `dbt init` succeeded at 23:32:54.401928 after 0.08 seconds
[0m23:32:54.401928 [debug] [MainThread]: Sending event: {'category': 'dbt', 'action': 'invocation', 'label': 'end', 'context': [<snowplow_tracker.self_describing_json.SelfDescribingJson object at 0x0000019DC7CB13D0>, <snowplow_tracker.self_describing_json.SelfDescribingJson object at 0x0000019DCA859C40>, <snowplow_tracker.self_describing_json.SelfDescribingJson object at 0x0000019DC4491FD0>]}
[0m23:32:54.401928 [debug] [MainThread]: Flushing usage events
[0m23:36:55.732345 [debug] [MainThread]: Sending event: {'category': 'dbt', 'action': 'invocation', 'label': 'start', 'context': [<snowplow_tracker.self_describing_json.SelfDescribingJson object at 0x0000029B346803D0>, <snowplow_tracker.self_describing_json.SelfDescribingJson object at 0x0000029B37190FA0>, <snowplow_tracker.self_describing_json.SelfDescribingJson object at 0x0000029B365E6490>]}


============================== 23:36:55.777666 | d507f396-295a-4d1a-974b-493c37816abb ==============================
[0m23:36:55.777666 [info ] [MainThread]: Running with dbt=1.8.7
[0m23:36:55.777666 [debug] [MainThread]: running dbt with arguments {'printer_width': '80', 'indirect_selection': 'eager', 'write_json': 'True', 'log_cache_events': 'False', 'partial_parse': 'True', 'cache_selected_only': 'False', 'profiles_dir': 'C:\\Users\\Admin\\.dbt', 'version_check': 'True', 'fail_fast': 'False', 'log_path': 'logs', 'debug': 'False', 'warn_error': 'None', 'use_colors': 'True', 'use_experimental_parser': 'False', 'empty': 'None', 'quiet': 'False', 'no_print': 'None', 'warn_error_options': 'WarnErrorOptions(include=[], exclude=[])', 'introspect': 'True', 'invocation_command': 'dbt debug', 'log_format': 'default', 'target_path': 'None', 'static_parser': 'True', 'send_anonymous_usage_stats': 'True'}
[0m23:36:55.922168 [info ] [MainThread]: dbt version: 1.8.7
[0m23:36:55.925694 [info ] [MainThread]: python version: 3.8.6
[0m23:36:55.927031 [info ] [MainThread]: python path: e:\backup\users-admin files\downloads\starbucks_project\starbucks_dbt_pd_env\scripts\python.exe
[0m23:36:55.927031 [info ] [MainThread]: os info: Windows-10-10.0.22000-SP0
[0m23:36:57.680589 [info ] [MainThread]: Using profiles dir at C:\Users\Admin\.dbt
[0m23:36:57.689143 [info ] [MainThread]: Using profiles.yml file at C:\Users\Admin\.dbt\profiles.yml
[0m23:36:57.689239 [info ] [MainThread]: Using dbt_project.yml file at E:\BACKUP\users-admin files\Downloads\Starbucks_Project\dbt_project.yml
[0m23:36:57.690348 [error] [MainThread]: Encountered an error:
Internal Error
  Profile should not be None if loading profile completed
[0m23:36:57.690348 [debug] [MainThread]: Command `dbt debug` failed at 23:36:57.690348 after 2.07 seconds
[0m23:36:57.690348 [debug] [MainThread]: Sending event: {'category': 'dbt', 'action': 'invocation', 'label': 'end', 'context': [<snowplow_tracker.self_describing_json.SelfDescribingJson object at 0x0000029B346803D0>, <snowplow_tracker.self_describing_json.SelfDescribingJson object at 0x0000029B37EBFA30>, <snowplow_tracker.self_describing_json.SelfDescribingJson object at 0x0000029B3704A4F0>]}
[0m23:36:57.690348 [debug] [MainThread]: Flushing usage events
[0m00:56:40.475780 [debug] [MainThread]: Sending event: {'category': 'dbt', 'action': 'invocation', 'label': 'start', 'context': [<snowplow_tracker.self_describing_json.SelfDescribingJson object at 0x000001C9AD2A4160>, <snowplow_tracker.self_describing_json.SelfDescribingJson object at 0x000001C9AFD6A5B0>, <snowplow_tracker.self_describing_json.SelfDescribingJson object at 0x000001C9AF3D52B0>]}


============================== 00:56:40.506570 | 43a23f0a-1285-40f3-8a45-e0ae23aaf42e ==============================
[0m00:56:40.506570 [info ] [MainThread]: Running with dbt=1.8.7
[0m00:56:40.507064 [debug] [MainThread]: running dbt with arguments {'printer_width': '80', 'indirect_selection': 'eager', 'log_cache_events': 'False', 'write_json': 'True', 'partial_parse': 'True', 'cache_selected_only': 'False', 'profiles_dir': 'C:\\Users\\Admin\\.dbt', 'version_check': 'True', 'fail_fast': 'False', 'log_path': 'logs', 'debug': 'False', 'warn_error': 'None', 'use_colors': 'True', 'use_experimental_parser': 'False', 'empty': 'None', 'quiet': 'False', 'no_print': 'None', 'log_format': 'default', 'invocation_command': 'dbt ', 'warn_error_options': 'WarnErrorOptions(include=[], exclude=[])', 'introspect': 'True', 'target_path': 'None', 'static_parser': 'True', 'send_anonymous_usage_stats': 'True'}
[0m00:56:40.507064 [error] [MainThread]: Encountered an error:
Runtime Error
  No dbt_project.yml found at expected path e:\BACKUP\users-admin files\Downloads\Starbucks_Project\Starbucks_dbt_project\dbt_internal_packages\dbt-adapters\dbt_project.yml
  Verify that each entry within packages.yml (and their transitive dependencies) contains a file named dbt_project.yml
  
[0m00:56:40.507064 [debug] [MainThread]: Command `cli deps` failed at 00:56:40.507064 after 0.17 seconds
[0m00:56:40.507064 [debug] [MainThread]: Sending event: {'category': 'dbt', 'action': 'invocation', 'label': 'end', 'context': [<snowplow_tracker.self_describing_json.SelfDescribingJson object at 0x000001C9AD2A4160>, <snowplow_tracker.self_describing_json.SelfDescribingJson object at 0x000001C9AFF098E0>, <snowplow_tracker.self_describing_json.SelfDescribingJson object at 0x000001C9AFF09E20>]}
[0m00:56:40.507064 [debug] [MainThread]: Flushing usage events
[0m00:56:40.433419 [debug] [MainThread]: Sending event: {'category': 'dbt', 'action': 'invocation', 'label': 'start', 'context': [<snowplow_tracker.self_describing_json.SelfDescribingJson object at 0x000002AF72FEE160>, <snowplow_tracker.self_describing_json.SelfDescribingJson object at 0x000002AF75AB95B0>, <snowplow_tracker.self_describing_json.SelfDescribingJson object at 0x000002AF7511A2B0>]}


============================== 00:56:40.569180 | 84f1d975-4b45-4d1b-b9cb-561c1ac6c594 ==============================
[0m00:56:40.569180 [info ] [MainThread]: Running with dbt=1.8.7
[0m00:56:40.569180 [debug] [MainThread]: running dbt with arguments {'printer_width': '80', 'indirect_selection': 'eager', 'log_cache_events': 'False', 'write_json': 'True', 'partial_parse': 'True', 'cache_selected_only': 'False', 'profiles_dir': 'C:\\Users\\Admin\\.dbt', 'fail_fast': 'False', 'debug': 'False', 'log_path': 'logs', 'warn_error': 'None', 'version_check': 'True', 'use_colors': 'True', 'use_experimental_parser': 'False', 'empty': 'None', 'quiet': 'False', 'no_print': 'None', 'log_format': 'default', 'static_parser': 'True', 'invocation_command': 'dbt ', 'warn_error_options': 'WarnErrorOptions(include=[], exclude=[])', 'target_path': 'None', 'introspect': 'True', 'send_anonymous_usage_stats': 'True'}
[0m00:56:40.569180 [error] [MainThread]: Encountered an error:
Runtime Error
  No dbt_project.yml found at expected path e:\BACKUP\users-admin files\Downloads\Starbucks_Project\Starbucks_dbt_project\dbt_internal_packages\dbt-adapters\dbt_project.yml
  Verify that each entry within packages.yml (and their transitive dependencies) contains a file named dbt_project.yml
  
[0m00:56:40.569180 [debug] [MainThread]: Command `cli deps` failed at 00:56:40.569180 after 0.68 seconds
[0m00:56:40.569180 [debug] [MainThread]: Sending event: {'category': 'dbt', 'action': 'invocation', 'label': 'end', 'context': [<snowplow_tracker.self_describing_json.SelfDescribingJson object at 0x000002AF72FEE160>, <snowplow_tracker.self_describing_json.SelfDescribingJson object at 0x000002AF75C5A8E0>, <snowplow_tracker.self_describing_json.SelfDescribingJson object at 0x000002AF75C5AE20>]}
[0m00:56:40.569180 [debug] [MainThread]: Flushing usage events
[0m00:56:40.719271 [debug] [MainThread]: Sending event: {'category': 'dbt', 'action': 'invocation', 'label': 'start', 'context': [<snowplow_tracker.self_describing_json.SelfDescribingJson object at 0x000001D0E861F340>, <snowplow_tracker.self_describing_json.SelfDescribingJson object at 0x000001D0EA764100>, <snowplow_tracker.self_describing_json.SelfDescribingJson object at 0x000001D0EB168E80>]}


============================== 00:56:40.741490 | 820286a3-62da-4251-a5db-58fd4e38c4bf ==============================
[0m00:56:40.741490 [info ] [MainThread]: Running with dbt=1.8.7
[0m00:56:40.741986 [debug] [MainThread]: running dbt with arguments {'printer_width': '80', 'indirect_selection': 'eager', 'write_json': 'True', 'log_cache_events': 'False', 'partial_parse': 'True', 'cache_selected_only': 'False', 'warn_error': 'None', 'version_check': 'True', 'debug': 'False', 'log_path': 'logs', 'fail_fast': 'False', 'profiles_dir': 'C:\\Users\\Admin\\.dbt', 'use_colors': 'True', 'use_experimental_parser': 'False', 'empty': 'None', 'quiet': 'False', 'no_print': 'None', 'warn_error_options': 'WarnErrorOptions(include=[], exclude=[])', 'static_parser': 'True', 'log_format': 'default', 'introspect': 'True', 'target_path': 'None', 'invocation_command': 'dbt ', 'send_anonymous_usage_stats': 'True'}
[0m00:56:40.741986 [error] [MainThread]: Encountered an error:
Runtime Error
  No dbt_project.yml found at expected path e:\BACKUP\users-admin files\Downloads\Starbucks_Project\Starbucks_dbt_project\dbt_internal_packages\dbt-adapters\dbt_project.yml
  Verify that each entry within packages.yml (and their transitive dependencies) contains a file named dbt_project.yml
  
[0m00:56:40.741986 [debug] [MainThread]: Command `cli deps` failed at 00:56:40.741986 after 0.15 seconds
[0m00:56:40.741986 [debug] [MainThread]: Sending event: {'category': 'dbt', 'action': 'invocation', 'label': 'end', 'context': [<snowplow_tracker.self_describing_json.SelfDescribingJson object at 0x000001D0E861F340>, <snowplow_tracker.self_describing_json.SelfDescribingJson object at 0x000001D0EB266D00>, <snowplow_tracker.self_describing_json.SelfDescribingJson object at 0x000001D0EB2664F0>]}
[0m00:56:40.741986 [debug] [MainThread]: Flushing usage events
[0m00:56:41.141561 [debug] [MainThread]: Sending event: {'category': 'dbt', 'action': 'invocation', 'label': 'start', 'context': [<snowplow_tracker.self_describing_json.SelfDescribingJson object at 0x000001DBA2EA9190>, <snowplow_tracker.self_describing_json.SelfDescribingJson object at 0x000001DBA5B1FAF0>, <snowplow_tracker.self_describing_json.SelfDescribingJson object at 0x000001DBA5B1F970>]}


============================== 00:56:41.158415 | 3f5c1af7-be10-407b-9622-498c043eecc4 ==============================
[0m00:56:41.158415 [info ] [MainThread]: Running with dbt=1.8.7
[0m00:56:41.158911 [debug] [MainThread]: running dbt with arguments {'printer_width': '80', 'indirect_selection': 'eager', 'write_json': 'True', 'log_cache_events': 'False', 'partial_parse': 'True', 'cache_selected_only': 'False', 'warn_error': 'None', 'fail_fast': 'False', 'debug': 'False', 'log_path': 'logs', 'version_check': 'True', 'profiles_dir': 'C:\\Users\\Admin\\.dbt', 'use_colors': 'True', 'use_experimental_parser': 'False', 'empty': 'None', 'quiet': 'False', 'no_print': 'None', 'log_format': 'default', 'invocation_command': 'dbt ', 'introspect': 'True', 'static_parser': 'True', 'target_path': 'None', 'warn_error_options': 'WarnErrorOptions(include=[], exclude=[])', 'send_anonymous_usage_stats': 'True'}
[0m00:56:41.158911 [error] [MainThread]: Encountered an error:
Runtime Error
  No dbt_project.yml found at expected path e:\BACKUP\users-admin files\Downloads\Starbucks_Project\Starbucks_dbt_project\dbt_internal_packages\dbt-adapters\dbt_project.yml
  Verify that each entry within packages.yml (and their transitive dependencies) contains a file named dbt_project.yml
  
[0m00:56:41.158911 [debug] [MainThread]: Command `cli deps` failed at 00:56:41.158911 after 0.45 seconds
[0m00:56:41.158911 [debug] [MainThread]: Sending event: {'category': 'dbt', 'action': 'invocation', 'label': 'end', 'context': [<snowplow_tracker.self_describing_json.SelfDescribingJson object at 0x000001DBA2EA9190>, <snowplow_tracker.self_describing_json.SelfDescribingJson object at 0x000001DBA5B0B580>, <snowplow_tracker.self_describing_json.SelfDescribingJson object at 0x000001DBA5B0B220>]}
[0m00:56:41.158911 [debug] [MainThread]: Flushing usage events
[0m00:56:41.756703 [debug] [MainThread]: Sending event: {'category': 'dbt', 'action': 'invocation', 'label': 'start', 'context': [<snowplow_tracker.self_describing_json.SelfDescribingJson object at 0x000001E90A30F340>, <snowplow_tracker.self_describing_json.SelfDescribingJson object at 0x000001E90C454100>, <snowplow_tracker.self_describing_json.SelfDescribingJson object at 0x000001E90CE58E80>]}


============================== 00:56:41.756703 | e336007a-82f8-4bf2-abcd-229d6ff79b3f ==============================
[0m00:56:41.756703 [info ] [MainThread]: Running with dbt=1.8.7
[0m00:56:41.756703 [debug] [MainThread]: running dbt with arguments {'printer_width': '80', 'indirect_selection': 'eager', 'write_json': 'True', 'log_cache_events': 'False', 'partial_parse': 'True', 'cache_selected_only': 'False', 'profiles_dir': 'C:\\Users\\Admin\\.dbt', 'debug': 'False', 'fail_fast': 'False', 'log_path': 'logs', 'version_check': 'True', 'warn_error': 'None', 'use_colors': 'True', 'use_experimental_parser': 'False', 'empty': 'None', 'quiet': 'False', 'no_print': 'None', 'warn_error_options': 'WarnErrorOptions(include=[], exclude=[])', 'invocation_command': 'dbt ', 'static_parser': 'True', 'introspect': 'True', 'target_path': 'None', 'log_format': 'default', 'send_anonymous_usage_stats': 'True'}
[0m00:56:41.756703 [error] [MainThread]: Encountered an error:
Runtime Error
  No dbt_project.yml found at expected path e:\BACKUP\users-admin files\Downloads\Starbucks_Project\Starbucks_dbt_project\dbt_internal_packages\dbt-adapters\dbt_project.yml
  Verify that each entry within packages.yml (and their transitive dependencies) contains a file named dbt_project.yml
  
[0m00:56:41.756703 [debug] [MainThread]: Command `cli deps` failed at 00:56:41.756703 after 0.23 seconds
[0m00:56:41.772844 [debug] [MainThread]: Sending event: {'category': 'dbt', 'action': 'invocation', 'label': 'end', 'context': [<snowplow_tracker.self_describing_json.SelfDescribingJson object at 0x000001E90A30F340>, <snowplow_tracker.self_describing_json.SelfDescribingJson object at 0x000001E90CF56D00>, <snowplow_tracker.self_describing_json.SelfDescribingJson object at 0x000001E90CF564F0>]}
[0m00:56:41.772844 [debug] [MainThread]: Flushing usage events
[0m00:56:41.855562 [debug] [MainThread]: Sending event: {'category': 'dbt', 'action': 'invocation', 'label': 'start', 'context': [<snowplow_tracker.self_describing_json.SelfDescribingJson object at 0x000001E6AD6761C0>, <snowplow_tracker.self_describing_json.SelfDescribingJson object at 0x000001E6B02EFAC0>, <snowplow_tracker.self_describing_json.SelfDescribingJson object at 0x000001E6B02EFA00>]}


============================== 00:56:41.862660 | 5c24bf7f-42e5-4cf9-85d1-4dc0b2ffe10a ==============================
[0m00:56:41.862660 [info ] [MainThread]: Running with dbt=1.8.7
[0m00:56:41.867848 [debug] [MainThread]: running dbt with arguments {'printer_width': '80', 'indirect_selection': 'eager', 'log_cache_events': 'False', 'write_json': 'True', 'partial_parse': 'True', 'cache_selected_only': 'False', 'profiles_dir': 'C:\\Users\\Admin\\.dbt', 'fail_fast': 'False', 'debug': 'False', 'log_path': 'logs', 'version_check': 'True', 'warn_error': 'None', 'use_colors': 'True', 'use_experimental_parser': 'False', 'empty': 'None', 'quiet': 'False', 'no_print': 'None', 'log_format': 'default', 'static_parser': 'True', 'warn_error_options': 'WarnErrorOptions(include=[], exclude=[])', 'introspect': 'True', 'target_path': 'None', 'invocation_command': 'dbt ', 'send_anonymous_usage_stats': 'True'}
[0m00:56:41.867848 [error] [MainThread]: Encountered an error:
Runtime Error
  No dbt_project.yml found at expected path e:\BACKUP\users-admin files\Downloads\Starbucks_Project\Starbucks_dbt_project\dbt_internal_packages\dbt-adapters\dbt_project.yml
  Verify that each entry within packages.yml (and their transitive dependencies) contains a file named dbt_project.yml
  
[0m00:56:41.867848 [debug] [MainThread]: Command `cli deps` failed at 00:56:41.867848 after 0.19 seconds
[0m00:56:41.867848 [debug] [MainThread]: Sending event: {'category': 'dbt', 'action': 'invocation', 'label': 'end', 'context': [<snowplow_tracker.self_describing_json.SelfDescribingJson object at 0x000001E6AD6761C0>, <snowplow_tracker.self_describing_json.SelfDescribingJson object at 0x000001E6B02B5CD0>, <snowplow_tracker.self_describing_json.SelfDescribingJson object at 0x000001E6B02B5400>]}
[0m00:56:41.867848 [debug] [MainThread]: Flushing usage events
[0m00:56:59.978996 [debug] [MainThread]: Sending event: {'category': 'dbt', 'action': 'invocation', 'label': 'start', 'context': [<snowplow_tracker.self_describing_json.SelfDescribingJson object at 0x00000230BE05F160>, <snowplow_tracker.self_describing_json.SelfDescribingJson object at 0x00000230C0B295B0>, <snowplow_tracker.self_describing_json.SelfDescribingJson object at 0x00000230C01982B0>]}


============================== 00:56:59.994386 | adc841dc-3bde-41c7-b768-b1fb94d1646c ==============================
[0m00:56:59.994386 [info ] [MainThread]: Running with dbt=1.8.7
[0m00:57:00.001455 [debug] [MainThread]: running dbt with arguments {'printer_width': '80', 'indirect_selection': 'eager', 'write_json': 'True', 'log_cache_events': 'False', 'partial_parse': 'True', 'cache_selected_only': 'False', 'warn_error': 'None', 'debug': 'False', 'version_check': 'True', 'log_path': 'logs', 'profiles_dir': 'C:\\Users\\Admin\\.dbt', 'fail_fast': 'False', 'use_colors': 'True', 'use_experimental_parser': 'False', 'empty': 'None', 'quiet': 'False', 'no_print': 'None', 'warn_error_options': 'WarnErrorOptions(include=[], exclude=[])', 'introspect': 'True', 'invocation_command': 'dbt ', 'static_parser': 'True', 'target_path': 'None', 'log_format': 'default', 'send_anonymous_usage_stats': 'True'}
[0m00:57:00.004126 [error] [MainThread]: Encountered an error:
Runtime Error
  No dbt_project.yml found at expected path e:\BACKUP\users-admin files\Downloads\Starbucks_Project\Starbucks_dbt_project\dbt_internal_packages\dbt-adapters\dbt_project.yml
  Verify that each entry within packages.yml (and their transitive dependencies) contains a file named dbt_project.yml
  
[0m00:57:00.007643 [debug] [MainThread]: Command `cli deps` failed at 00:57:00.007148 after 0.73 seconds
[0m00:57:00.008870 [debug] [MainThread]: Sending event: {'category': 'dbt', 'action': 'invocation', 'label': 'end', 'context': [<snowplow_tracker.self_describing_json.SelfDescribingJson object at 0x00000230BE05F160>, <snowplow_tracker.self_describing_json.SelfDescribingJson object at 0x00000230C0CCB8E0>, <snowplow_tracker.self_describing_json.SelfDescribingJson object at 0x00000230C0CCBE20>]}
[0m00:57:00.009401 [debug] [MainThread]: Flushing usage events
[0m00:57:00.450500 [debug] [MainThread]: Sending event: {'category': 'dbt', 'action': 'invocation', 'label': 'start', 'context': [<snowplow_tracker.self_describing_json.SelfDescribingJson object at 0x000001564A98E3A0>, <snowplow_tracker.self_describing_json.SelfDescribingJson object at 0x000001564CAC6250>, <snowplow_tracker.self_describing_json.SelfDescribingJson object at 0x000001564D44DFD0>]}


============================== 00:57:00.469274 | 9aad1f08-73bb-4bba-b165-dc6788fe81cc ==============================
[0m00:57:00.469274 [info ] [MainThread]: Running with dbt=1.8.7
[0m00:57:00.470714 [debug] [MainThread]: running dbt with arguments {'printer_width': '80', 'indirect_selection': 'eager', 'log_cache_events': 'False', 'write_json': 'True', 'partial_parse': 'True', 'cache_selected_only': 'False', 'warn_error': 'None', 'fail_fast': 'False', 'version_check': 'True', 'log_path': 'logs', 'profiles_dir': 'C:\\Users\\Admin\\.dbt', 'debug': 'False', 'use_colors': 'True', 'use_experimental_parser': 'False', 'no_print': 'None', 'quiet': 'False', 'empty': 'None', 'warn_error_options': 'WarnErrorOptions(include=[], exclude=[])', 'static_parser': 'True', 'invocation_command': 'dbt ', 'log_format': 'default', 'target_path': 'None', 'introspect': 'True', 'send_anonymous_usage_stats': 'True'}
[0m00:57:00.473224 [error] [MainThread]: Encountered an error:
Runtime Error
  No dbt_project.yml found at expected path e:\BACKUP\users-admin files\Downloads\Starbucks_Project\Starbucks_dbt_project\dbt_internal_packages\dbt-adapters\dbt_project.yml
  Verify that each entry within packages.yml (and their transitive dependencies) contains a file named dbt_project.yml
  
[0m00:57:00.474364 [debug] [MainThread]: Command `cli deps` failed at 00:57:00.474364 after 0.20 seconds
[0m00:57:00.474364 [debug] [MainThread]: Sending event: {'category': 'dbt', 'action': 'invocation', 'label': 'end', 'context': [<snowplow_tracker.self_describing_json.SelfDescribingJson object at 0x000001564A98E3A0>, <snowplow_tracker.self_describing_json.SelfDescribingJson object at 0x000001564D610D00>, <snowplow_tracker.self_describing_json.SelfDescribingJson object at 0x000001564D5D7CD0>]}
[0m00:57:00.474364 [debug] [MainThread]: Flushing usage events
[0m19:29:48.297833 [debug] [MainThread]: Sending event: {'category': 'dbt', 'action': 'invocation', 'label': 'start', 'context': [<snowplow_tracker.self_describing_json.SelfDescribingJson object at 0x0000021AC2712B20>, <snowplow_tracker.self_describing_json.SelfDescribingJson object at 0x0000021AC51C7CD0>, <snowplow_tracker.self_describing_json.SelfDescribingJson object at 0x0000021AC5213DF0>]}


============================== 19:29:48.386675 | 0841553d-3a95-4a0b-93b7-8276ae6f3fab ==============================
[0m19:29:48.386675 [info ] [MainThread]: Running with dbt=1.8.7
[0m19:29:48.386675 [debug] [MainThread]: running dbt with arguments {'printer_width': '80', 'indirect_selection': 'eager', 'log_cache_events': 'False', 'write_json': 'True', 'partial_parse': 'True', 'cache_selected_only': 'False', 'profiles_dir': 'C:\\Users\\Admin\\.dbt', 'version_check': 'True', 'warn_error': 'None', 'log_path': 'logs', 'debug': 'False', 'fail_fast': 'False', 'use_colors': 'True', 'use_experimental_parser': 'False', 'empty': 'None', 'quiet': 'False', 'no_print': 'None', 'warn_error_options': 'WarnErrorOptions(include=[], exclude=[])', 'invocation_command': 'dbt ', 'introspect': 'True', 'log_format': 'default', 'target_path': 'None', 'static_parser': 'True', 'send_anonymous_usage_stats': 'True'}
[0m19:29:49.406658 [debug] [MainThread]: Sending event: {'category': 'dbt', 'action': 'project_id', 'label': '0841553d-3a95-4a0b-93b7-8276ae6f3fab', 'context': [<snowplow_tracker.self_describing_json.SelfDescribingJson object at 0x0000021AC53FCE80>]}
[0m19:29:49.543434 [info ] [MainThread]: Warning: No packages were found in packages.yml
[0m19:29:49.543434 [info ] [MainThread]: Warning: No packages were found in packages.yml
[0m19:29:49.550216 [debug] [MainThread]: Command `cli deps` succeeded at 19:29:49.543434 after 1.59 seconds
[0m19:29:49.550854 [debug] [MainThread]: Sending event: {'category': 'dbt', 'action': 'invocation', 'label': 'end', 'context': [<snowplow_tracker.self_describing_json.SelfDescribingJson object at 0x0000021AC2712B20>, <snowplow_tracker.self_describing_json.SelfDescribingJson object at 0x0000021AC53FCE80>, <snowplow_tracker.self_describing_json.SelfDescribingJson object at 0x0000021AC5310A30>]}
[0m19:29:49.550854 [debug] [MainThread]: Flushing usage events
[0m19:30:01.879392 [debug] [MainThread]: Sending event: {'category': 'dbt', 'action': 'invocation', 'label': 'start', 'context': [<snowplow_tracker.self_describing_json.SelfDescribingJson object at 0x000002B572B97C70>, <snowplow_tracker.self_describing_json.SelfDescribingJson object at 0x000002B574C70C40>, <snowplow_tracker.self_describing_json.SelfDescribingJson object at 0x000002B571B1B3A0>]}


============================== 19:30:01.889077 | 9b4ca2d1-8236-46ff-88c5-e74dbedce9b5 ==============================
[0m19:30:01.889077 [info ] [MainThread]: Running with dbt=1.8.7
[0m19:30:01.889077 [debug] [MainThread]: running dbt with arguments {'printer_width': '80', 'indirect_selection': 'eager', 'log_cache_events': 'False', 'write_json': 'True', 'partial_parse': 'True', 'cache_selected_only': 'False', 'profiles_dir': 'C:\\Users\\Admin\\.dbt', 'debug': 'False', 'warn_error': 'None', 'log_path': 'logs', 'fail_fast': 'False', 'version_check': 'True', 'use_colors': 'True', 'use_experimental_parser': 'False', 'no_print': 'None', 'quiet': 'False', 'empty': 'None', 'warn_error_options': 'WarnErrorOptions(include=[], exclude=[])', 'static_parser': 'True', 'log_format': 'default', 'invocation_command': 'dbt ', 'target_path': 'None', 'introspect': 'True', 'send_anonymous_usage_stats': 'True'}
[0m19:30:01.889077 [error] [MainThread]: Encountered an error:
Runtime Error
  No dbt_project.yml found at expected path e:\BACKUP\users-admin files\Downloads\Starbucks_Project\Starbucks_dbt_project\dbt_internal_packages\dbt-adapters\dbt_project.yml
  Verify that each entry within packages.yml (and their transitive dependencies) contains a file named dbt_project.yml
  
[0m19:30:01.889077 [debug] [MainThread]: Command `cli deps` failed at 19:30:01.889077 after 0.16 seconds
[0m19:30:01.889077 [debug] [MainThread]: Sending event: {'category': 'dbt', 'action': 'invocation', 'label': 'end', 'context': [<snowplow_tracker.self_describing_json.SelfDescribingJson object at 0x000002B572B97C70>, <snowplow_tracker.self_describing_json.SelfDescribingJson object at 0x000002B5757AF1C0>, <snowplow_tracker.self_describing_json.SelfDescribingJson object at 0x000002B5757AFA90>]}
[0m19:30:01.972393 [debug] [MainThread]: Flushing usage events
[0m19:30:06.053103 [debug] [MainThread]: Sending event: {'category': 'dbt', 'action': 'invocation', 'label': 'start', 'context': [<snowplow_tracker.self_describing_json.SelfDescribingJson object at 0x000001387A792B20>, <snowplow_tracker.self_describing_json.SelfDescribingJson object at 0x000001387D246CD0>, <snowplow_tracker.self_describing_json.SelfDescribingJson object at 0x000001387D293DF0>]}


============================== 19:30:06.063541 | c4258414-2aee-4eb8-b0f7-75b0970012d3 ==============================
[0m19:30:06.063541 [info ] [MainThread]: Running with dbt=1.8.7
[0m19:30:06.063541 [debug] [MainThread]: running dbt with arguments {'printer_width': '80', 'indirect_selection': 'eager', 'write_json': 'True', 'log_cache_events': 'False', 'partial_parse': 'True', 'cache_selected_only': 'False', 'profiles_dir': 'C:\\Users\\Admin\\.dbt', 'version_check': 'True', 'warn_error': 'None', 'log_path': 'logs', 'debug': 'False', 'fail_fast': 'False', 'use_colors': 'True', 'use_experimental_parser': 'False', 'empty': 'None', 'quiet': 'False', 'no_print': 'None', 'log_format': 'default', 'invocation_command': 'dbt ', 'warn_error_options': 'WarnErrorOptions(include=[], exclude=[])', 'introspect': 'True', 'target_path': 'None', 'static_parser': 'True', 'send_anonymous_usage_stats': 'True'}
[0m19:30:06.068285 [error] [MainThread]: Encountered an error:
Runtime Error
  No dbt_project.yml found at expected path e:\BACKUP\users-admin files\Downloads\Starbucks_Project\Starbucks_dbt_project\dbt_internal_packages\dbt-adapters\dbt_project.yml
  Verify that each entry within packages.yml (and their transitive dependencies) contains a file named dbt_project.yml
  
[0m19:30:06.068888 [debug] [MainThread]: Command `cli deps` failed at 19:30:06.068888 after 0.18 seconds
[0m19:30:06.068888 [debug] [MainThread]: Sending event: {'category': 'dbt', 'action': 'invocation', 'label': 'end', 'context': [<snowplow_tracker.self_describing_json.SelfDescribingJson object at 0x000001387A792B20>, <snowplow_tracker.self_describing_json.SelfDescribingJson object at 0x000001387D3B7DC0>, <snowplow_tracker.self_describing_json.SelfDescribingJson object at 0x000001387D38FC40>]}
[0m19:30:06.068888 [debug] [MainThread]: Flushing usage events
[0m19:30:06.158645 [debug] [MainThread]: Sending event: {'category': 'dbt', 'action': 'invocation', 'label': 'start', 'context': [<snowplow_tracker.self_describing_json.SelfDescribingJson object at 0x000002819CE57C70>, <snowplow_tracker.self_describing_json.SelfDescribingJson object at 0x000002819EF30C40>, <snowplow_tracker.self_describing_json.SelfDescribingJson object at 0x000002819BDDB3A0>]}


============================== 19:30:06.159460 | 3792ee75-f42b-4fd2-92d6-d365d659ca45 ==============================
[0m19:30:06.159460 [info ] [MainThread]: Running with dbt=1.8.7
[0m19:30:06.159460 [debug] [MainThread]: running dbt with arguments {'printer_width': '80', 'indirect_selection': 'eager', 'write_json': 'True', 'log_cache_events': 'False', 'partial_parse': 'True', 'cache_selected_only': 'False', 'profiles_dir': 'C:\\Users\\Admin\\.dbt', 'fail_fast': 'False', 'version_check': 'True', 'log_path': 'logs', 'debug': 'False', 'warn_error': 'None', 'use_colors': 'True', 'use_experimental_parser': 'False', 'empty': 'None', 'quiet': 'False', 'no_print': 'None', 'warn_error_options': 'WarnErrorOptions(include=[], exclude=[])', 'invocation_command': 'dbt ', 'static_parser': 'True', 'log_format': 'default', 'target_path': 'None', 'introspect': 'True', 'send_anonymous_usage_stats': 'True'}
[0m19:30:06.168889 [error] [MainThread]: Encountered an error:
Runtime Error
  No dbt_project.yml found at expected path e:\BACKUP\users-admin files\Downloads\Starbucks_Project\Starbucks_dbt_project\dbt_internal_packages\dbt-adapters\dbt_project.yml
  Verify that each entry within packages.yml (and their transitive dependencies) contains a file named dbt_project.yml
  
[0m19:30:06.168889 [debug] [MainThread]: Command `cli deps` failed at 19:30:06.168889 after 0.15 seconds
[0m19:30:06.168889 [debug] [MainThread]: Sending event: {'category': 'dbt', 'action': 'invocation', 'label': 'end', 'context': [<snowplow_tracker.self_describing_json.SelfDescribingJson object at 0x000002819CE57C70>, <snowplow_tracker.self_describing_json.SelfDescribingJson object at 0x000002819FA6F1C0>, <snowplow_tracker.self_describing_json.SelfDescribingJson object at 0x000002819FA6FA90>]}
[0m19:30:06.168889 [debug] [MainThread]: Flushing usage events
[0m19:30:06.482467 [debug] [MainThread]: Sending event: {'category': 'dbt', 'action': 'invocation', 'label': 'start', 'context': [<snowplow_tracker.self_describing_json.SelfDescribingJson object at 0x00000190BF772AF0>, <snowplow_tracker.self_describing_json.SelfDescribingJson object at 0x00000190C18356A0>, <snowplow_tracker.self_describing_json.SelfDescribingJson object at 0x00000190C21F8160>]}


============================== 19:30:06.490768 | 25b50e15-1e4c-4d16-a5eb-ba21d7f124ae ==============================
[0m19:30:06.490768 [info ] [MainThread]: Running with dbt=1.8.7
[0m19:30:06.490768 [debug] [MainThread]: running dbt with arguments {'printer_width': '80', 'indirect_selection': 'eager', 'log_cache_events': 'False', 'write_json': 'True', 'partial_parse': 'True', 'cache_selected_only': 'False', 'warn_error': 'None', 'debug': 'False', 'fail_fast': 'False', 'log_path': 'logs', 'profiles_dir': 'C:\\Users\\Admin\\.dbt', 'version_check': 'True', 'use_colors': 'True', 'use_experimental_parser': 'False', 'no_print': 'None', 'quiet': 'False', 'empty': 'None', 'warn_error_options': 'WarnErrorOptions(include=[], exclude=[])', 'introspect': 'True', 'static_parser': 'True', 'log_format': 'default', 'target_path': 'None', 'invocation_command': 'dbt ', 'send_anonymous_usage_stats': 'True'}
[0m19:30:06.490768 [error] [MainThread]: Encountered an error:
Runtime Error
  No dbt_project.yml found at expected path e:\BACKUP\users-admin files\Downloads\Starbucks_Project\Starbucks_dbt_project\dbt_internal_packages\dbt-adapters\dbt_project.yml
  Verify that each entry within packages.yml (and their transitive dependencies) contains a file named dbt_project.yml
  
[0m19:30:06.501229 [debug] [MainThread]: Command `cli deps` failed at 19:30:06.498420 after 0.18 seconds
[0m19:30:06.501892 [debug] [MainThread]: Sending event: {'category': 'dbt', 'action': 'invocation', 'label': 'end', 'context': [<snowplow_tracker.self_describing_json.SelfDescribingJson object at 0x00000190BF772AF0>, <snowplow_tracker.self_describing_json.SelfDescribingJson object at 0x00000190C18356A0>, <snowplow_tracker.self_describing_json.SelfDescribingJson object at 0x00000190C23C9D30>]}
[0m19:30:06.501892 [debug] [MainThread]: Flushing usage events
[0m19:30:06.538277 [debug] [MainThread]: Sending event: {'category': 'dbt', 'action': 'invocation', 'label': 'start', 'context': [<snowplow_tracker.self_describing_json.SelfDescribingJson object at 0x000001F69F9E7BB0>, <snowplow_tracker.self_describing_json.SelfDescribingJson object at 0x000001F6A2CF36D0>, <snowplow_tracker.self_describing_json.SelfDescribingJson object at 0x000001F6A2CF34C0>]}


============================== 19:30:06.551752 | f1e900c8-139e-4971-b4d9-731c9c1ac53b ==============================
[0m19:30:06.551752 [info ] [MainThread]: Running with dbt=1.8.7
[0m19:30:06.551752 [debug] [MainThread]: running dbt with arguments {'printer_width': '80', 'indirect_selection': 'eager', 'write_json': 'True', 'log_cache_events': 'False', 'partial_parse': 'True', 'cache_selected_only': 'False', 'profiles_dir': 'C:\\Users\\Admin\\.dbt', 'fail_fast': 'False', 'debug': 'False', 'log_path': 'logs', 'version_check': 'True', 'warn_error': 'None', 'use_colors': 'True', 'use_experimental_parser': 'False', 'empty': 'None', 'quiet': 'False', 'no_print': 'None', 'log_format': 'default', 'introspect': 'True', 'static_parser': 'True', 'invocation_command': 'dbt ', 'target_path': 'None', 'warn_error_options': 'WarnErrorOptions(include=[], exclude=[])', 'send_anonymous_usage_stats': 'True'}
[0m19:30:06.551752 [error] [MainThread]: Encountered an error:
Runtime Error
  No dbt_project.yml found at expected path e:\BACKUP\users-admin files\Downloads\Starbucks_Project\Starbucks_dbt_project\dbt_internal_packages\dbt-adapters\dbt_project.yml
  Verify that each entry within packages.yml (and their transitive dependencies) contains a file named dbt_project.yml
  
[0m19:30:06.551752 [debug] [MainThread]: Command `cli deps` failed at 19:30:06.551752 after 0.17 seconds
[0m19:30:06.551752 [debug] [MainThread]: Sending event: {'category': 'dbt', 'action': 'invocation', 'label': 'end', 'context': [<snowplow_tracker.self_describing_json.SelfDescribingJson object at 0x000001F69F9E7BB0>, <snowplow_tracker.self_describing_json.SelfDescribingJson object at 0x000001F6A2DEFCA0>, <snowplow_tracker.self_describing_json.SelfDescribingJson object at 0x000001F6A2DEFDC0>]}
[0m19:30:06.551752 [debug] [MainThread]: Flushing usage events
[0m19:30:29.696314 [debug] [MainThread]: Sending event: {'category': 'dbt', 'action': 'invocation', 'label': 'start', 'context': [<snowplow_tracker.self_describing_json.SelfDescribingJson object at 0x0000021CC18C9B20>, <snowplow_tracker.self_describing_json.SelfDescribingJson object at 0x0000021CC433F460>, <snowplow_tracker.self_describing_json.SelfDescribingJson object at 0x0000021CC3EC1040>]}


============================== 19:30:29.696314 | 9e5400ad-ab4d-4cd6-a7e9-0b7ecd0b7430 ==============================
[0m19:30:29.696314 [info ] [MainThread]: Running with dbt=1.8.7
[0m19:30:29.696314 [debug] [MainThread]: running dbt with arguments {'printer_width': '80', 'indirect_selection': 'eager', 'log_cache_events': 'False', 'write_json': 'True', 'partial_parse': 'True', 'cache_selected_only': 'False', 'warn_error': 'None', 'fail_fast': 'False', 'profiles_dir': 'C:\\Users\\Admin\\.dbt', 'log_path': 'logs', 'version_check': 'True', 'debug': 'False', 'use_colors': 'True', 'use_experimental_parser': 'False', 'no_print': 'None', 'quiet': 'False', 'empty': 'None', 'warn_error_options': 'WarnErrorOptions(include=[], exclude=[])', 'static_parser': 'True', 'introspect': 'True', 'invocation_command': 'dbt ', 'target_path': 'None', 'log_format': 'default', 'send_anonymous_usage_stats': 'True'}
[0m19:30:31.612135 [debug] [MainThread]: Sending event: {'category': 'dbt', 'action': 'project_id', 'label': '9e5400ad-ab4d-4cd6-a7e9-0b7ecd0b7430', 'context': [<snowplow_tracker.self_describing_json.SelfDescribingJson object at 0x0000021CC4358100>]}
[0m19:30:32.040300 [info ] [MainThread]: Warning: No packages were found in packages.yml
[0m19:30:32.041597 [info ] [MainThread]: Warning: No packages were found in packages.yml
[0m19:30:32.046059 [debug] [MainThread]: Command `cli deps` succeeded at 19:30:32.046059 after 2.52 seconds
[0m19:30:32.046059 [debug] [MainThread]: Sending event: {'category': 'dbt', 'action': 'invocation', 'label': 'end', 'context': [<snowplow_tracker.self_describing_json.SelfDescribingJson object at 0x0000021CC18C9B20>, <snowplow_tracker.self_describing_json.SelfDescribingJson object at 0x0000021CC4358100>, <snowplow_tracker.self_describing_json.SelfDescribingJson object at 0x0000021CC430E490>]}
[0m19:30:32.046059 [debug] [MainThread]: Flushing usage events
[0m19:30:38.724739 [debug] [MainThread]: Sending event: {'category': 'dbt', 'action': 'invocation', 'label': 'start', 'context': [<snowplow_tracker.self_describing_json.SelfDescribingJson object at 0x00000213877F2B20>, <snowplow_tracker.self_describing_json.SelfDescribingJson object at 0x000002138A2A6CD0>, <snowplow_tracker.self_describing_json.SelfDescribingJson object at 0x000002138A2F3DF0>]}


============================== 19:30:38.740781 | 5f4095e0-029b-40fa-840d-16c320be39a3 ==============================
[0m19:30:38.740781 [info ] [MainThread]: Running with dbt=1.8.7
[0m19:30:38.740781 [debug] [MainThread]: running dbt with arguments {'printer_width': '80', 'indirect_selection': 'eager', 'write_json': 'True', 'log_cache_events': 'False', 'partial_parse': 'True', 'cache_selected_only': 'False', 'profiles_dir': 'C:\\Users\\Admin\\.dbt', 'version_check': 'True', 'fail_fast': 'False', 'log_path': 'logs', 'debug': 'False', 'warn_error': 'None', 'use_colors': 'True', 'use_experimental_parser': 'False', 'no_print': 'None', 'quiet': 'False', 'empty': 'None', 'log_format': 'default', 'introspect': 'True', 'static_parser': 'True', 'warn_error_options': 'WarnErrorOptions(include=[], exclude=[])', 'target_path': 'None', 'invocation_command': 'dbt ', 'send_anonymous_usage_stats': 'True'}
[0m19:30:38.740781 [error] [MainThread]: Encountered an error:
Runtime Error
  No dbt_project.yml found at expected path e:\BACKUP\users-admin files\Downloads\Starbucks_Project\Starbucks_dbt_project\dbt_internal_packages\dbt-adapters\dbt_project.yml
  Verify that each entry within packages.yml (and their transitive dependencies) contains a file named dbt_project.yml
  
[0m19:30:38.740781 [debug] [MainThread]: Command `cli deps` failed at 19:30:38.740781 after 0.21 seconds
[0m19:30:38.740781 [debug] [MainThread]: Sending event: {'category': 'dbt', 'action': 'invocation', 'label': 'end', 'context': [<snowplow_tracker.self_describing_json.SelfDescribingJson object at 0x00000213877F2B20>, <snowplow_tracker.self_describing_json.SelfDescribingJson object at 0x000002138A417DC0>, <snowplow_tracker.self_describing_json.SelfDescribingJson object at 0x000002138A3EFC40>]}
[0m19:30:38.740781 [debug] [MainThread]: Flushing usage events
[0m19:30:46.615978 [debug] [MainThread]: Sending event: {'category': 'dbt', 'action': 'invocation', 'label': 'start', 'context': [<snowplow_tracker.self_describing_json.SelfDescribingJson object at 0x00000250AFBB2AC0>, <snowplow_tracker.self_describing_json.SelfDescribingJson object at 0x00000250AEB2C2E0>, <snowplow_tracker.self_describing_json.SelfDescribingJson object at 0x00000250B27B1C40>]}


============================== 19:30:46.635557 | b7eed101-1b9b-488c-ad21-4336e8cceb87 ==============================
[0m19:30:46.635557 [info ] [MainThread]: Running with dbt=1.8.7
[0m19:30:46.635557 [debug] [MainThread]: running dbt with arguments {'printer_width': '80', 'indirect_selection': 'eager', 'log_cache_events': 'False', 'write_json': 'True', 'partial_parse': 'True', 'cache_selected_only': 'False', 'profiles_dir': 'C:\\Users\\Admin\\.dbt', 'fail_fast': 'False', 'warn_error': 'None', 'log_path': 'logs', 'debug': 'False', 'version_check': 'True', 'use_colors': 'True', 'use_experimental_parser': 'False', 'no_print': 'None', 'quiet': 'False', 'empty': 'None', 'warn_error_options': 'WarnErrorOptions(include=[], exclude=[])', 'invocation_command': 'dbt ', 'log_format': 'default', 'introspect': 'True', 'target_path': 'None', 'static_parser': 'True', 'send_anonymous_usage_stats': 'True'}
[0m19:30:46.635557 [error] [MainThread]: Encountered an error:
Runtime Error
  No dbt_project.yml found at expected path e:\BACKUP\users-admin files\Downloads\Starbucks_Project\Starbucks_dbt_project\dbt_internal_packages\dbt-adapters\dbt_project.yml
  Verify that each entry within packages.yml (and their transitive dependencies) contains a file named dbt_project.yml
  
[0m19:30:46.635557 [debug] [MainThread]: Command `cli deps` failed at 19:30:46.635557 after 0.21 seconds
[0m19:30:46.635557 [debug] [MainThread]: Sending event: {'category': 'dbt', 'action': 'invocation', 'label': 'end', 'context': [<snowplow_tracker.self_describing_json.SelfDescribingJson object at 0x00000250AFBB2AC0>, <snowplow_tracker.self_describing_json.SelfDescribingJson object at 0x00000250B2809790>, <snowplow_tracker.self_describing_json.SelfDescribingJson object at 0x00000250B27D7130>]}
[0m19:30:46.635557 [debug] [MainThread]: Flushing usage events
[0m19:30:46.912191 [debug] [MainThread]: Sending event: {'category': 'dbt', 'action': 'invocation', 'label': 'start', 'context': [<snowplow_tracker.self_describing_json.SelfDescribingJson object at 0x000002BEB6212AF0>, <snowplow_tracker.self_describing_json.SelfDescribingJson object at 0x000002BEB82D76A0>, <snowplow_tracker.self_describing_json.SelfDescribingJson object at 0x000002BEB8C98160>]}


============================== 19:30:46.912191 | 528f64b6-2f5e-4b02-9a81-04c342ed2542 ==============================
[0m19:30:46.912191 [info ] [MainThread]: Running with dbt=1.8.7
[0m19:30:46.912191 [debug] [MainThread]: running dbt with arguments {'printer_width': '80', 'indirect_selection': 'eager', 'log_cache_events': 'False', 'write_json': 'True', 'partial_parse': 'True', 'cache_selected_only': 'False', 'warn_error': 'None', 'fail_fast': 'False', 'version_check': 'True', 'log_path': 'logs', 'profiles_dir': 'C:\\Users\\Admin\\.dbt', 'debug': 'False', 'use_colors': 'True', 'use_experimental_parser': 'False', 'no_print': 'None', 'quiet': 'False', 'empty': 'None', 'log_format': 'default', 'invocation_command': 'dbt ', 'warn_error_options': 'WarnErrorOptions(include=[], exclude=[])', 'static_parser': 'True', 'target_path': 'None', 'introspect': 'True', 'send_anonymous_usage_stats': 'True'}
[0m19:30:46.912191 [error] [MainThread]: Encountered an error:
Runtime Error
  No dbt_project.yml found at expected path e:\BACKUP\users-admin files\Downloads\Starbucks_Project\Starbucks_dbt_project\dbt_internal_packages\dbt-adapters\dbt_project.yml
  Verify that each entry within packages.yml (and their transitive dependencies) contains a file named dbt_project.yml
  
[0m19:30:46.927814 [debug] [MainThread]: Command `cli deps` failed at 19:30:46.927814 after 0.24 seconds
[0m19:30:46.927814 [debug] [MainThread]: Sending event: {'category': 'dbt', 'action': 'invocation', 'label': 'end', 'context': [<snowplow_tracker.self_describing_json.SelfDescribingJson object at 0x000002BEB6212AF0>, <snowplow_tracker.self_describing_json.SelfDescribingJson object at 0x000002BEB82D76A0>, <snowplow_tracker.self_describing_json.SelfDescribingJson object at 0x000002BEB8E71D30>]}
[0m19:30:46.927814 [debug] [MainThread]: Flushing usage events
[0m19:30:47.049482 [debug] [MainThread]: Sending event: {'category': 'dbt', 'action': 'invocation', 'label': 'start', 'context': [<snowplow_tracker.self_describing_json.SelfDescribingJson object at 0x0000015B44597C70>, <snowplow_tracker.self_describing_json.SelfDescribingJson object at 0x0000015B46670C40>, <snowplow_tracker.self_describing_json.SelfDescribingJson object at 0x0000015B4351B3A0>]}


============================== 19:30:47.049482 | 8f612fa7-4a5b-4e0a-acb8-7abbddc4a8ff ==============================
[0m19:30:47.049482 [info ] [MainThread]: Running with dbt=1.8.7
[0m19:30:47.049482 [debug] [MainThread]: running dbt with arguments {'printer_width': '80', 'indirect_selection': 'eager', 'log_cache_events': 'False', 'write_json': 'True', 'partial_parse': 'True', 'cache_selected_only': 'False', 'warn_error': 'None', 'debug': 'False', 'fail_fast': 'False', 'log_path': 'logs', 'profiles_dir': 'C:\\Users\\Admin\\.dbt', 'version_check': 'True', 'use_colors': 'True', 'use_experimental_parser': 'False', 'no_print': 'None', 'quiet': 'False', 'empty': 'None', 'warn_error_options': 'WarnErrorOptions(include=[], exclude=[])', 'static_parser': 'True', 'introspect': 'True', 'log_format': 'default', 'target_path': 'None', 'invocation_command': 'dbt ', 'send_anonymous_usage_stats': 'True'}
[0m19:30:47.066603 [error] [MainThread]: Encountered an error:
Runtime Error
  No dbt_project.yml found at expected path e:\BACKUP\users-admin files\Downloads\Starbucks_Project\Starbucks_dbt_project\dbt_internal_packages\dbt-adapters\dbt_project.yml
  Verify that each entry within packages.yml (and their transitive dependencies) contains a file named dbt_project.yml
  
[0m19:30:47.068641 [debug] [MainThread]: Command `cli deps` failed at 19:30:47.068641 after 0.25 seconds
[0m19:30:47.068641 [debug] [MainThread]: Sending event: {'category': 'dbt', 'action': 'invocation', 'label': 'end', 'context': [<snowplow_tracker.self_describing_json.SelfDescribingJson object at 0x0000015B44597C70>, <snowplow_tracker.self_describing_json.SelfDescribingJson object at 0x0000015B471AF1C0>, <snowplow_tracker.self_describing_json.SelfDescribingJson object at 0x0000015B471AFA90>]}
[0m19:30:47.068641 [debug] [MainThread]: Flushing usage events
[0m11:44:37.214517 [debug] [MainThread]: Sending event: {'category': 'dbt', 'action': 'invocation', 'label': 'start', 'context': [<snowplow_tracker.self_describing_json.SelfDescribingJson object at 0x000002737F1A8BB0>, <snowplow_tracker.self_describing_json.SelfDescribingJson object at 0x0000027301CC46D0>, <snowplow_tracker.self_describing_json.SelfDescribingJson object at 0x0000027301CC44C0>]}


============================== 11:44:37.321218 | 9ae66415-324c-4851-8e66-76185ffc82b6 ==============================
[0m11:44:37.321218 [info ] [MainThread]: Running with dbt=1.8.7
[0m11:44:37.321218 [debug] [MainThread]: running dbt with arguments {'printer_width': '80', 'indirect_selection': 'eager', 'log_cache_events': 'False', 'write_json': 'True', 'partial_parse': 'True', 'cache_selected_only': 'False', 'profiles_dir': 'C:\\Users\\Admin\\.dbt', 'debug': 'False', 'version_check': 'True', 'log_path': 'logs', 'fail_fast': 'False', 'warn_error': 'None', 'use_colors': 'True', 'use_experimental_parser': 'False', 'empty': 'None', 'quiet': 'False', 'no_print': 'None', 'warn_error_options': 'WarnErrorOptions(include=[], exclude=[])', 'introspect': 'True', 'static_parser': 'True', 'log_format': 'default', 'target_path': 'None', 'invocation_command': 'dbt ', 'send_anonymous_usage_stats': 'True'}
[0m11:44:37.321218 [error] [MainThread]: Encountered an error:
Runtime Error
  No dbt_project.yml found at expected path e:\BACKUP\users-admin files\Downloads\Starbucks_Project\Starbucks_dbt_project\dbt_packages\dbt-utils-1.3.1\integration_tests\dbt_project.yml
  Verify that each entry within packages.yml (and their transitive dependencies) contains a file named dbt_project.yml
  
[0m11:44:37.333515 [debug] [MainThread]: Command `cli deps` failed at 11:44:37.331120 after 0.32 seconds
[0m11:44:37.336362 [debug] [MainThread]: Sending event: {'category': 'dbt', 'action': 'invocation', 'label': 'end', 'context': [<snowplow_tracker.self_describing_json.SelfDescribingJson object at 0x000002737F1A8BB0>, <snowplow_tracker.self_describing_json.SelfDescribingJson object at 0x0000027301DBFCA0>, <snowplow_tracker.self_describing_json.SelfDescribingJson object at 0x0000027301DBFDC0>]}
[0m11:44:37.336362 [debug] [MainThread]: Flushing usage events
[0m11:44:37.597953 [debug] [MainThread]: Sending event: {'category': 'dbt', 'action': 'invocation', 'label': 'start', 'context': [<snowplow_tracker.self_describing_json.SelfDescribingJson object at 0x0000022451343B80>, <snowplow_tracker.self_describing_json.SelfDescribingJson object at 0x0000022453F7F250>, <snowplow_tracker.self_describing_json.SelfDescribingJson object at 0x0000022453F7FCD0>]}


============================== 11:44:37.613979 | 492ec207-59c6-461e-9921-2080c027147b ==============================
[0m11:44:37.613979 [info ] [MainThread]: Running with dbt=1.8.7
[0m11:44:37.619578 [debug] [MainThread]: running dbt with arguments {'printer_width': '80', 'indirect_selection': 'eager', 'write_json': 'True', 'log_cache_events': 'False', 'partial_parse': 'True', 'cache_selected_only': 'False', 'warn_error': 'None', 'version_check': 'True', 'profiles_dir': 'C:\\Users\\Admin\\.dbt', 'log_path': 'logs', 'fail_fast': 'False', 'debug': 'False', 'use_colors': 'True', 'use_experimental_parser': 'False', 'empty': 'None', 'quiet': 'False', 'no_print': 'None', 'warn_error_options': 'WarnErrorOptions(include=[], exclude=[])', 'invocation_command': 'dbt ', 'static_parser': 'True', 'introspect': 'True', 'target_path': 'None', 'log_format': 'default', 'send_anonymous_usage_stats': 'True'}
[0m11:44:37.623957 [error] [MainThread]: Encountered an error:
Runtime Error
  No dbt_project.yml found at expected path e:\BACKUP\users-admin files\Downloads\Starbucks_Project\Starbucks_dbt_project\dbt_packages\dbt-utils-1.3.1\dbt_project.yml
  Verify that each entry within packages.yml (and their transitive dependencies) contains a file named dbt_project.yml
  
[0m11:44:37.625598 [debug] [MainThread]: Command `cli deps` failed at 11:44:37.625598 after 0.87 seconds
[0m11:44:37.631019 [debug] [MainThread]: Sending event: {'category': 'dbt', 'action': 'invocation', 'label': 'end', 'context': [<snowplow_tracker.self_describing_json.SelfDescribingJson object at 0x0000022451343B80>, <snowplow_tracker.self_describing_json.SelfDescribingJson object at 0x0000022453F3EB20>, <snowplow_tracker.self_describing_json.SelfDescribingJson object at 0x0000022453F4DE50>]}
[0m11:44:37.634620 [debug] [MainThread]: Flushing usage events
[0m11:44:47.036353 [debug] [MainThread]: Sending event: {'category': 'dbt', 'action': 'invocation', 'label': 'start', 'context': [<snowplow_tracker.self_describing_json.SelfDescribingJson object at 0x000001E29CD92B20>, <snowplow_tracker.self_describing_json.SelfDescribingJson object at 0x000001E2A0046CD0>, <snowplow_tracker.self_describing_json.SelfDescribingJson object at 0x000001E2A0094DF0>]}


============================== 11:44:47.061663 | ceec6068-9afc-47a1-89a7-f7b1b6b0d1c4 ==============================
[0m11:44:47.061663 [info ] [MainThread]: Running with dbt=1.8.7
[0m11:44:47.061663 [debug] [MainThread]: running dbt with arguments {'printer_width': '80', 'indirect_selection': 'eager', 'log_cache_events': 'False', 'write_json': 'True', 'partial_parse': 'True', 'cache_selected_only': 'False', 'profiles_dir': 'C:\\Users\\Admin\\.dbt', 'debug': 'False', 'version_check': 'True', 'log_path': 'logs', 'warn_error': 'None', 'fail_fast': 'False', 'use_colors': 'True', 'use_experimental_parser': 'False', 'no_print': 'None', 'quiet': 'False', 'empty': 'None', 'log_format': 'default', 'static_parser': 'True', 'warn_error_options': 'WarnErrorOptions(include=[], exclude=[])', 'introspect': 'True', 'target_path': 'None', 'invocation_command': 'dbt ', 'send_anonymous_usage_stats': 'True'}
[0m11:44:47.069686 [error] [MainThread]: Encountered an error:
Runtime Error
  No dbt_project.yml found at expected path e:\BACKUP\users-admin files\Downloads\Starbucks_Project\Starbucks_dbt_project\dbt_packages\dbt-utils-1.3.1\integration_tests\dbt_project.yml
  Verify that each entry within packages.yml (and their transitive dependencies) contains a file named dbt_project.yml
  
[0m11:44:47.076011 [debug] [MainThread]: Command `cli deps` failed at 11:44:47.074297 after 0.21 seconds
[0m11:44:47.078361 [debug] [MainThread]: Sending event: {'category': 'dbt', 'action': 'invocation', 'label': 'end', 'context': [<snowplow_tracker.self_describing_json.SelfDescribingJson object at 0x000001E29CD92B20>, <snowplow_tracker.self_describing_json.SelfDescribingJson object at 0x000001E2A01B7DC0>, <snowplow_tracker.self_describing_json.SelfDescribingJson object at 0x000001E2A018FC40>]}
[0m11:44:47.080155 [debug] [MainThread]: Flushing usage events
[0m11:44:47.282752 [debug] [MainThread]: Sending event: {'category': 'dbt', 'action': 'invocation', 'label': 'start', 'context': [<snowplow_tracker.self_describing_json.SelfDescribingJson object at 0x000001D0AF402AF0>, <snowplow_tracker.self_describing_json.SelfDescribingJson object at 0x000001D0B14C76A0>, <snowplow_tracker.self_describing_json.SelfDescribingJson object at 0x000001D0B1E87160>]}


============================== 11:44:47.293712 | 4a7d82c1-4c1e-48e5-b6e3-c1f3ac3d35c5 ==============================
[0m11:44:47.293712 [info ] [MainThread]: Running with dbt=1.8.7
[0m11:44:47.297588 [debug] [MainThread]: running dbt with arguments {'printer_width': '80', 'indirect_selection': 'eager', 'write_json': 'True', 'log_cache_events': 'False', 'partial_parse': 'True', 'cache_selected_only': 'False', 'profiles_dir': 'C:\\Users\\Admin\\.dbt', 'debug': 'False', 'version_check': 'True', 'log_path': 'logs', 'warn_error': 'None', 'fail_fast': 'False', 'use_colors': 'True', 'use_experimental_parser': 'False', 'no_print': 'None', 'quiet': 'False', 'empty': 'None', 'log_format': 'default', 'introspect': 'True', 'invocation_command': 'dbt ', 'static_parser': 'True', 'target_path': 'None', 'warn_error_options': 'WarnErrorOptions(include=[], exclude=[])', 'send_anonymous_usage_stats': 'True'}
[0m11:44:47.313519 [error] [MainThread]: Encountered an error:
Runtime Error
  No dbt_project.yml found at expected path e:\BACKUP\users-admin files\Downloads\Starbucks_Project\Starbucks_dbt_project\dbt_packages\dbt-utils-1.3.1\dbt_project.yml
  Verify that each entry within packages.yml (and their transitive dependencies) contains a file named dbt_project.yml
  
[0m11:44:47.316904 [debug] [MainThread]: Command `cli deps` failed at 11:44:47.314015 after 0.58 seconds
[0m11:44:47.323016 [debug] [MainThread]: Sending event: {'category': 'dbt', 'action': 'invocation', 'label': 'end', 'context': [<snowplow_tracker.self_describing_json.SelfDescribingJson object at 0x000001D0AF402AF0>, <snowplow_tracker.self_describing_json.SelfDescribingJson object at 0x000001D0B14C76A0>, <snowplow_tracker.self_describing_json.SelfDescribingJson object at 0x000001D0B2051D30>]}
[0m11:44:47.325595 [debug] [MainThread]: Flushing usage events
[0m14:23:43.391004 [debug] [MainThread]: Sending event: {'category': 'dbt', 'action': 'invocation', 'label': 'start', 'context': [<snowplow_tracker.self_describing_json.SelfDescribingJson object at 0x00000291646ED3A0>, <snowplow_tracker.self_describing_json.SelfDescribingJson object at 0x0000029166FBC070>, <snowplow_tracker.self_describing_json.SelfDescribingJson object at 0x000002916703B640>]}


============================== 14:23:43.484811 | a85ce19c-731f-4b2a-bab0-b3aab2b9d3ff ==============================
[0m14:23:43.484811 [info ] [MainThread]: Running with dbt=1.8.7
[0m14:23:43.487806 [debug] [MainThread]: running dbt with arguments {'printer_width': '80', 'indirect_selection': 'eager', 'log_cache_events': 'False', 'write_json': 'True', 'partial_parse': 'True', 'cache_selected_only': 'False', 'warn_error': 'None', 'debug': 'False', 'profiles_dir': 'C:\\Users\\Admin\\.dbt', 'log_path': 'logs', 'fail_fast': 'False', 'version_check': 'True', 'use_colors': 'True', 'use_experimental_parser': 'False', 'empty': 'None', 'quiet': 'False', 'no_print': 'None', 'warn_error_options': 'WarnErrorOptions(include=[], exclude=[])', 'introspect': 'True', 'invocation_command': 'dbt docs generate', 'log_format': 'default', 'target_path': 'None', 'static_parser': 'True', 'send_anonymous_usage_stats': 'True'}
[0m14:23:43.488803 [error] [MainThread]: Encountered an error:
Runtime Error
  No dbt_project.yml found at expected path E:\BACKUP\users-admin files\Downloads\Starbucks_Project\dbt_project.yml
  Verify that each entry within packages.yml (and their transitive dependencies) contains a file named dbt_project.yml
  
[0m14:23:43.492031 [debug] [MainThread]: Command `dbt docs generate` failed at 14:23:43.491423 after 0.15 seconds
[0m14:23:43.493339 [debug] [MainThread]: Sending event: {'category': 'dbt', 'action': 'invocation', 'label': 'end', 'context': [<snowplow_tracker.self_describing_json.SelfDescribingJson object at 0x00000291646ED3A0>, <snowplow_tracker.self_describing_json.SelfDescribingJson object at 0x0000029166624460>, <snowplow_tracker.self_describing_json.SelfDescribingJson object at 0x000002916703B5B0>]}
[0m14:23:43.495427 [debug] [MainThread]: Flushing usage events
[0m14:23:52.899421 [debug] [MainThread]: Sending event: {'category': 'dbt', 'action': 'invocation', 'label': 'start', 'context': [<snowplow_tracker.self_describing_json.SelfDescribingJson object at 0x0000023B4255D3A0>, <snowplow_tracker.self_describing_json.SelfDescribingJson object at 0x0000023B44FE8220>, <snowplow_tracker.self_describing_json.SelfDescribingJson object at 0x0000023B44FE8490>]}


============================== 14:23:52.918275 | 6541158e-ec3b-453c-9fef-c1127d38c541 ==============================
[0m14:23:52.918275 [info ] [MainThread]: Running with dbt=1.8.7
[0m14:23:52.918875 [debug] [MainThread]: running dbt with arguments {'printer_width': '80', 'indirect_selection': 'eager', 'log_cache_events': 'False', 'write_json': 'True', 'partial_parse': 'True', 'cache_selected_only': 'False', 'profiles_dir': 'C:\\Users\\Admin\\.dbt', 'debug': 'False', 'version_check': 'True', 'log_path': 'logs', 'fail_fast': 'False', 'warn_error': 'None', 'use_colors': 'True', 'use_experimental_parser': 'False', 'empty': 'None', 'quiet': 'False', 'no_print': 'None', 'log_format': 'default', 'static_parser': 'True', 'invocation_command': 'dbt docs serve', 'warn_error_options': 'WarnErrorOptions(include=[], exclude=[])', 'target_path': 'None', 'introspect': 'True', 'send_anonymous_usage_stats': 'True'}
[0m14:23:52.919875 [error] [MainThread]: Encountered an error:
Runtime Error
  No dbt_project.yml found at expected path E:\BACKUP\users-admin files\Downloads\Starbucks_Project\dbt_project.yml
  Verify that each entry within packages.yml (and their transitive dependencies) contains a file named dbt_project.yml
  
[0m14:23:52.921411 [debug] [MainThread]: Command `dbt docs serve` failed at 14:23:52.920369 after 0.06 seconds
[0m14:23:52.921411 [debug] [MainThread]: Sending event: {'category': 'dbt', 'action': 'invocation', 'label': 'end', 'context': [<snowplow_tracker.self_describing_json.SelfDescribingJson object at 0x0000023B4255D3A0>, <snowplow_tracker.self_describing_json.SelfDescribingJson object at 0x0000023B44E5F940>, <snowplow_tracker.self_describing_json.SelfDescribingJson object at 0x0000023B44EAB520>]}
[0m14:23:52.921411 [debug] [MainThread]: Flushing usage events
